4397 6 feeder llwxldm1.WX.LL.MIT.EDU 20160106211050.778 TS_ENDT {{NEXRAD2,  "(.*)"}} primary
12840 6 feeder ldm.nohrsc.noaa.gov 20160106205251.636 TS_ENDT {{WMO,  ".*"}} alternate
12944 6 feeder awipsops.nsstc.uah.edu 20160106205353.878 TS_ENDT {{NGRID,  ".*"}} primary
12948 6 feeder awipsops.nsstc.uah.edu 20160106205353.878 TS_ENDT {{CONDUIT,  ".(awip3d|0p50).[5]$"}} primary
12951 6 feeder awipsops.nsstc.uah.edu 20160106205353.879 TS_ENDT {{CONDUIT,  ".(awip3d|0p50).[4]$"}} primary
12943 6 feeder awipsops.nsstc.uah.edu 20160106205353.878 TS_ENDT {{CONDUIT,  ".(awip3d|0p50).[7]$"}} primary
12942 6 feeder awipsops.nsstc.uah.edu 20160106205353.877 TS_ENDT {{CONDUIT,  ".(awip3d|0p50).[2]$"}} primary
12952 6 feeder awipsops.nsstc.uah.edu 20160106205353.880 TS_ENDT {{NOTHER|NIMAGE|HDS,  ".*"}} primary
12947 6 feeder awipsops.nsstc.uah.edu 20160106205353.878 TS_ENDT {{CONDUIT,  ".(awip3d|0p50).[6]$"}} primary
12946 6 feeder awipsops.nsstc.uah.edu 20160106205353.877 TS_ENDT {{CONDUIT,  ".(awip3d|0p50).[1]$"}} primary
12950 6 feeder awipsops.nsstc.uah.edu 20160106205353.879 TS_ENDT {{CONDUIT,  ".(awip3d|0p50).[9]$"}} primary
12945 6 feeder awipsops.nsstc.uah.edu 20160106205353.878 TS_ENDT {{CONDUIT,  ".(awip3d|0p50).[3]$"}} primary
12949 6 feeder awipsops.nsstc.uah.edu 20160106205353.878 TS_ENDT {{CONDUIT,  ".(awip3d|0p50).[8]$"}} primary
12940 6 feeder awipsops.nsstc.uah.edu 20160106205353.877 TS_ENDT {{FNEXRAD|UNIWISC|IDS|DDPLUS,  ".*"}} primary
12941 6 feeder awipsops.nsstc.uah.edu 20160106205353.877 TS_ENDT {{CONDUIT,  ".(awip3d|0p50).[0]$"}} primary
13515 6 feeder unidata-server.unidata.ucar.edu 20160106223134.065 TS_ENDT {{NGRID,  "^[LM].D... KWBG"}} primary
13516 6 feeder unidata-server.unidata.ucar.edu 20160106223134.072 TS_ENDT {{CONDUIT,  "^data/nccf/com/gfs/prod/gfs.*pgrb2.1p00.f"}} primary
13517 6 feeder unidata-server.unidata.ucar.edu 20160106223134.072 TS_ENDT {{NIMAGE|FNEXRAD|UNIWISC,  ".*"}} primary
17078 6 feeder geogprdedexap.cc.ku.edu 20160107065256.819 TS_ENDT {{CONDUIT,  ".(awip3d|0p50).[8]$"}} primary
17080 6 feeder geogprdedexap.cc.ku.edu 20160107065258.210 TS_ENDT {{CONDUIT,  ".(awip3d|0p50).[6]$"}} primary
17081 6 feeder geogprdedexap.cc.ku.edu 20160107065258.350 TS_ENDT {{NOTHER|NIMAGE|HDS,  ".*"}} primary
17083 6 feeder geogprdedexap.cc.ku.edu 20160107065300.061 TS_ENDT {{CONDUIT,  ".(awip3d|0p50).[4]$"}} primary
17185 6 feeder geogprdedexap.cc.ku.edu 20160107065326.252 TS_ENDT {{NEXRAD3,  ".*"}} primary
17187 6 feeder geogprdedexap.cc.ku.edu 20160107065331.285 TS_ENDT {{CONDUIT,  ".(awip3d|0p50).[5]$"}} primary
17189 6 feeder geogprdedexap.cc.ku.edu 20160107065333.024 TS_ENDT {{CONDUIT,  ".(awip3d|0p50).[7]$"}} primary
17191 6 feeder geogprdedexap.cc.ku.edu 20160107065335.750 TS_ENDT {{FNEXRAD|UNIWISC|IDS|DDPLUS,  ".*"}} primary
17193 6 feeder geogprdedexap.cc.ku.edu 20160107065336.945 TS_ENDT {{CONDUIT,  ".(awip3d|0p50).[0]$"}} primary
17195 6 feeder geogprdedexap.cc.ku.edu 20160107065342.572 TS_ENDT {{CONDUIT,  ".(awip3d|0p50).[2]$"}} primary
17197 6 feeder geogprdedexap.cc.ku.edu 20160107065343.047 TS_ENDT {{CONDUIT,  ".(awip3d|0p50).[3]$"}} primary
17199 6 feeder geogprdedexap.cc.ku.edu 20160107065348.047 TS_ENDT {{CONDUIT,  ".(awip3d|0p50).[1]$"}} primary
17201 6 feeder geogprdedexap.cc.ku.edu 20160107065348.195 TS_ENDT {{CONDUIT,  ".(awip3d|0p50).[9]$"}} primary
23501 6 feeder awipsops.nsstc.uah.edu 20160107130903.150 TS_ENDT {{NEXRAD3,  ".*"}} primary
7432 6 feeder rain.mmm.ucar.edu 20160107171126.585 TS_ENDT {{ANY,  ".*"}} primary
7548 6 feeder aeolus.eol.ucar.edu 20160107171228.450 TS_ENDT {{CONDUIT,  "MT.eta.*awipak"}} primary
7547 6 feeder pebble1.cosmic.ucar.edu 20160107171228.452 TS_ENDT {{HDS,  "^H[HRT][I-P].*(/mGFS|/mSSIGFS)"}} primary
7546 6 feeder measwx.meas.ncsu.edu 20160107171228.360 TS_ENDT {{FNMOC,  "^US058GMET-GR1mdl.0058_0240.*"}} primary
7550 6 feeder dontpanic.nssl.noaa.gov 20160107175728.656 TS_ENDT {{NIMAGE,  "GOES-[0-9]{2}/3.9/[0-9]{8}[0-9]{4}/(..)ST-CONUS/4km/"}} primary
7551 6 feeder dontpanic.nssl.noaa.gov 20160107175728.653 TS_ENDT {{NIMAGE,  "GOES-[0-9]{2}/IR/[0-9]{8}[0-9]{4}/(..)ST-CONUS/4km/"}} primary
7552 6 feeder dontpanic.nssl.noaa.gov 20160107175728.665 TS_ENDT {{NIMAGE,  "GOES-[0-9]{2}/WV/[0-9]{8}[0-9]{4}/(..)ST-CONUS/4km/"}} primary
7558 6 feeder measwx.meas.ncsu.edu 20160107171228.754 TS_ENDT {{CONDUIT,  "(.status|MT.(nam|eta).*(#212|#104|#218)|MT.mrf|MT.avn|MT.ensg|MT.gefs|MT.ruc|prod/ruc|prod/gefs|prod/nam).*[38]$"}} primary
7556 6 feeder playa.dri.edu 20160107171228.689 TS_ENDT {{CONDUIT,  "(MT.gfs_CY|MT.nam.*#212)"}} primary
7557 6 feeder playa.dri.edu 20160107171228.705 TS_ENDT {{CONDUIT,  "(nam.*awphys*)"}} primary
7560 6 feeder aeolus.eol.ucar.edu 20160107171229.450 TS_ENDT {{NEXRAD3,  "/pN(0Z|0Q)(GUA)"}} primary
7561 6 feeder aeolus.eol.ucar.edu 20160107171229.450 TS_ENDT {{CONDUIT,  ".*"}} primary
7565 6 feeder squall.ias.sdsmt.edu 20160107171229.507 TS_ENDT {{NGRID,  "RTMA*"}} primary
7567 6 feeder measwx.meas.ncsu.edu 20160107171229.726 TS_ENDT {{NEXRAD3,  "/p...(RAX|GSP|LTX|JAX|MOB|HGX)"}} primary
7568 6 feeder measwx.meas.ncsu.edu 20160107171229.745 TS_ENDT {{CONDUIT,  "prod/gfs.*F(000|006|012|018|024|030|036|042|048|054|060|066|072|078|084|090|096|102|108|114|120|126|132|138|144|150|156|162|168|174|180|192|204|216|228|240|252|264|276|288|300|312|324|336|348|360|372|384)"}} primary
7570 6 feeder measwx.meas.ncsu.edu 20160107171229.760 TS_ENDT {{CONDUIT,  "(.status|MT.(nam|eta).*(#212|#104|#218)|MT.mrf|MT.avn|MT.ensg|MT.gefs|MT.ruc|prod/ruc|prod/gefs|prod/nam).*[05]$"}} primary
7575 6 feeder aeolus.eol.ucar.edu 20160107171230.449 TS_ENDT {{FNEXRAD,  ".*"}} primary
7576 6 feeder aeolus.eol.ucar.edu 20160107171230.449 TS_ENDT {{NEXRAD3,  "/pN(0R|CR|0V|0Q|0U|ET|VW|VL|1P|TP|LL|ML|HL|0X|0C|0K|0H)"}} primary
7574 6 feeder measwx.meas.ncsu.edu 20160107171230.329 TS_ENDT {{CONDUIT,  "(.status|MT.(nam|eta).*(#212|#104|#218)|MT.mrf|MT.avn|MT.ensg|MT.gefs|MT.ruc|prod/ruc|prod/gefs|prod/nam).*[49]$"}} primary
7577 6 feeder squall.ias.sdsmt.edu 20160107171230.427 TS_ENDT {{CONDUIT,  "data/nccf/com/rap/prod/rap.(....)(..)(..)/rap.t(..)z.awp252sgrbf"}} primary
7578 6 feeder squall.ias.sdsmt.edu 20160107171230.436 TS_ENDT {{HDS,  "^[YZ].Q.*/m(NGM|RUC)"}} alternate
7579 6 feeder dontpanic.nssl.noaa.gov 20160107175730.542 TS_ENDT {{NIMAGE,  "GOES-[0-9]{2}/VIS[0-9]{8}[0-9]{4}/(..)ST-CONUS/4km/"}} primary
7585 6 feeder sun1.envsci.rutgers.edu 20160107171230.716 TS_ENDT {{FNEXRAD,  "^rad"}} primary
7589 6 feeder pebble1.cosmic.ucar.edu 20160107171231.013 TS_ENDT {{WMO,  "^S(A....|P....|X....).*"}} primary
7590 6 feeder measwx.meas.ncsu.edu 20160107171231.236 TS_ENDT {{CONDUIT,  "(.status|MT.(nam|eta).*(#212|#104|#218)|MT.mrf|MT.avn|MT.ensg|MT.gefs|MT.ruc|prod/ruc|prod/gefs|prod/nam).*[27]$"}} primary
7594 6 feeder aeolus.eol.ucar.edu 20160107171232.450 TS_ENDT {{NEXRAD3,  "/pN(0Z|0Q)(JUA)"}} primary
7603 6 feeder aeolus.eol.ucar.edu 20160107171233.449 TS_ENDT {{NEXRAD2,  ".*"}} primary
7604 6 feeder aeolus.eol.ucar.edu 20160107171233.449 TS_ENDT {{NEXRAD3,  "/pN(0R|0V|0Z|0Q|0U|CR|1P|TP)(FTG|CYS)"}} primary
7609 6 feeder aeolus.eol.ucar.edu 20160107171234.450 TS_ENDT {{NGRID|FSL2|WMO,  ".*"}} primary
7610 6 feeder aeolus.eol.ucar.edu 20160107171235.451 TS_ENDT {{FNEXRAD,  "/p(N0R|N0V)"}} primary
7615 6 feeder squall.ias.sdsmt.edu 20160107171238.541 TS_ENDT {{CONDUIT,  "data/nccf/com/nam/prod/nam.(....)(..)(..)/nam.t(..)z.awip121(.)"}} primary
7616 6 feeder squall.ias.sdsmt.edu 20160107171238.586 TS_ENDT {{CONDUIT,  "data/nccf/com/nam/prod/nam.(....)(..)(..)/nam.t(..)z.awip3d2(.)"}} primary
7617 6 feeder squall.ias.sdsmt.edu 20160107171242.397 TS_ENDT {{CONDUIT,  "data/nccf/com/nam/prod/nam.(....)(..)(..)/nam.t(..)z.awip3d0(.)"}} primary
7618 6 feeder squall.ias.sdsmt.edu 20160107171242.403 TS_ENDT {{CONDUIT,  "data/nccf/com/nam/prod/nam.(....)(..)(..)/nam.t(..)z.awip3d1(.)"}} primary
7620 6 feeder squall.ias.sdsmt.edu 20160107171242.402 TS_ENDT {{CONDUIT,  "data/nccf/com/nam/prod/nam.(....)(..)(..)/nam.t(..)z.awip3d3(.)"}} primary
7619 6 feeder squall.ias.sdsmt.edu 20160107171242.402 TS_ENDT {{CONDUIT,  "data/nccf/com/nam/prod/nam.(....)(..)(..)/nam.t(..)z.awip123(.)"}} primary
7621 6 feeder squall.ias.sdsmt.edu 20160107171242.403 TS_ENDT {{CONDUIT,  "data/nccf/com/nam/prod/nam.(....)(..)(..)/nam.t(..)z.awip122(.)"}} primary
7622 6 feeder squall.ias.sdsmt.edu 20160107171242.421 TS_ENDT {{CONDUIT,  "data/nccf/com/nam/prod/nam.(....)(..)(..)/nam.t(..)z.awip124(.)"}} primary
7623 6 feeder squall.ias.sdsmt.edu 20160107171242.436 TS_ENDT {{CONDUIT,  "data/nccf/com/nam/prod/nam.(....)(..)(..)/nam.t(..)z.awip120(.)"}} primary
7624 6 feeder squall.ias.sdsmt.edu 20160107171242.440 TS_ENDT {{CONDUIT,  "data/nccf/com/nam/prod/nam.(....)(..)(..)/nam.t(..)z.awip3d4(.)"}} primary
7626 6 feeder aeolus.eol.ucar.edu 20160107171246.449 TS_ENDT {{NEXRAD3,  "/pT(R0|V0|ZL)"}} primary
7661 6 feeder s-iihr52.iihr.uiowa.edu 20160107171258.344 TS_ENDT {{CONDUIT,  "[6]$"}} primary
7654 6 feeder s-iihr52.iihr.uiowa.edu 20160107171258.344 TS_ENDT {{FNEXRAD|UNIWISC|IDS|DDPLUS,  ".*"}} primary
7658 6 feeder s-iihr52.iihr.uiowa.edu 20160107171258.344 TS_ENDT {{CONDUIT,  "[9]$"}} primary
7656 6 feeder s-iihr52.iihr.uiowa.edu 20160107171258.344 TS_ENDT {{CONDUIT,  "[7]$"}} primary
7659 6 feeder s-iihr52.iihr.uiowa.edu 20160107171258.344 TS_ENDT {{CONDUIT,  "[5]$"}} primary
7667 6 feeder ldm-relay1.tamu.edu 20160107171258.358 TS_ENDT {{NEXRAD3,  ".*"}} primary
7673 6 feeder ldm-relay1.tamu.edu 20160107171258.359 TS_ENDT {{CONDUIT,  "([09]$)"}} primary
7672 6 feeder ldm-relay1.tamu.edu 20160107171258.358 TS_ENDT {{CONDUIT,  "([18]$)"}} primary
7662 6 feeder s-iihr52.iihr.uiowa.edu 20160107171258.344 TS_ENDT {{CONDUIT,  "[4]$"}} primary
7664 6 feeder ldm-relay1.tamu.edu 20160107171258.357 TS_ENDT {{CONDUIT,  "([36]$)"}} primary
7688 6 feeder unidata-server-2.azure.unidata.ucar.edu 20160107171258.876 TS_ENDT {{NIMAGE|FNEXRAD|UNIWISC,  ".*"}} primary
7687 6 feeder unidata-server-2.azure.unidata.ucar.edu 20160107171258.876 TS_ENDT {{NGRID,  "^[LM].D... KWBG"}} primary
7655 6 feeder s-iihr52.iihr.uiowa.edu 20160107171258.344 TS_ENDT {{CONDUIT,  "[3]$"}} primary
7660 6 feeder s-iihr52.iihr.uiowa.edu 20160107171258.344 TS_ENDT {{NGRID,  ".*"}} primary
7689 6 feeder unidata-server-2.azure.unidata.ucar.edu 20160107171258.876 TS_ENDT {{CONDUIT,  "^data/nccf/com/gfs/prod/gfs.*pgrb2.1p00.f"}} primary
7668 6 feeder ldm-relay1.tamu.edu 20160107171258.358 TS_ENDT {{DIFAX|FNEXRAD|UNIWISC,  ".*"}} primary
7669 6 feeder ldm-relay1.tamu.edu 20160107171258.358 TS_ENDT {{NTEXT,  ".*"}} alternate
7674 6 feeder ldm-relay1.tamu.edu 20160107171258.359 TS_ENDT {{NIMAGE,  ".*"}} primary
7663 6 feeder ldm-relay1.tamu.edu 20160107171258.357 TS_ENDT {{CONDUIT,  "([27]$)"}} primary
7653 6 feeder s-iihr52.iihr.uiowa.edu 20160107171258.344 TS_ENDT {{CONDUIT,  "[2]$"}} primary
7671 6 feeder ldm-relay1.tamu.edu 20160107171258.358 TS_ENDT {{FNMOC,  ".*"}} primary
7657 6 feeder s-iihr52.iihr.uiowa.edu 20160107171258.344 TS_ENDT {{CONDUIT,  "[8]$"}} primary
7685 6 feeder monin.rnet.missouri.edu 20160107171258.378 TS_ENDT {{DIFAX,  ".*"}} primary
7665 6 feeder ldm-relay1.tamu.edu 20160107171258.357 TS_ENDT {{CONDUIT,  "([45]$)"}} primary
7686 6 feeder monin.rnet.missouri.edu 20160107171258.351 TS_ENDT {{NEXRAD2,  "K(LSX|EAX|SGF)"}} primary
7695 6 feeder monin.rnet.missouri.edu 20160107171258.376 TS_ENDT {{NEXRAD3,  "/p(...)(LSX|EAX|SGF|TWX|ICT|INX|DMX)"}} primary
7700 6 feeder weather.rsmas.miami.edu 20160107171258.380 TS_ENDT {{CONDUIT,  "gfs.*[012]p[^2]"}} primary
7701 6 feeder weather.rsmas.miami.edu 20160107171258.364 TS_ENDT {{FNEXRAD|UNIWISC,  ".*"}} primary
7699 6 feeder weather.rsmas.miami.edu 20160107171258.363 TS_ENDT {{CONDUIT,  "ncep/[^G]"}} primary
7704 6 feeder monin.rnet.missouri.edu 20160107171258.382 TS_ENDT {{FSL2,  ".*"}} primary
7697 6 feeder weather.rsmas.miami.edu 20160107171258.365 TS_ENDT {{EXP|NXRDSRC|NPORT|NIMAGE|GEM|FNMOC|GPS|FAA604|DIFAX|CONDUIT|GPSSRC|FSL5|FSL4|FSL3|FSL2|WMO|SPARE|0x80000000,  ".*"}} primary
7773 6 feeder s-iihr52.iihr.uiowa.edu 20160107171258.344 TS_ENDT {{NEXRAD2,  "^L2-BZIP2/(KDVN|KDMX|KMPX|KARX|KOAX|KFSD|KEAX)"}} primary
7772 6 feeder s-iihr52.iihr.uiowa.edu 20160107171258.345 TS_ENDT {{CONDUIT,  "[1]$"}} primary
8132 6 feeder smla.eas.gatech.edu 20160107171526.606 TS_ENDT {{NEXRAD3,  ".*"}} primary
6555 6 feeder s-iihr52.iihr.uiowa.edu 20160107215432.188 TS_ENDT {{NOTHER|NIMAGE|HDS,  ".*"}} primary
6558 6 feeder monin.rnet.missouri.edu 20160107215443.175 TS_ENDT {{UNIDATA,  ".*"}} primary
2457 6 feeder augustus.rap.ucar.edu 20160108194559.912 TS_ENDT {{NEXRAD2,  ".*"}} primary
2455 6 feeder augustus.rap.ucar.edu 20160108194559.912 TS_ENDT {{NEXRAD3|NGRID|FNMOC|DIFAX|FNEXRAD|FSL2|UNIDATA,  ".*"}} primary
4196 6 feeder augustus.rap.ucar.edu 20160108195101.882 TS_ENDT {{NIMAGE,  ".*"}} primary
4285 6 feeder augustus.rap.ucar.edu 20160108195109.022 TS_ENDT {{CONDUIT,  ".*"}} primary
4294 6 feeder augustus.rap.ucar.edu 20160108195109.182 TS_ENDT {{NOTHER,  "TIPB01|TIPB04|TIPB05"}} primary
822 6 feeder s-iihr52.iihr.uiowa.edu 20160109095354.145 TS_ENDT {{CONDUIT,  "[0]$"}} primary
9496 6 feeder ldm-relay1.tamu.edu 20160110095600.023 TS_ENDT {{NGRID,  ".*"}} primary
9907 6 feeder weather.rsmas.miami.edu 20160110095805.429 TS_ENDT {{NEXRAD2,  ".*"}} primary
9917 6 feeder ldm-relay1.tamu.edu 20160110095854.979 TS_ENDT {{NEXRAD2,  ".*"}} alternate
23673 6 feeder unidata.at.fcen.uba.ar 20160110165607.127 TS_ENDT {{NGRID,  "^E"}} primary
23674 6 feeder unidata.at.fcen.uba.ar 20160110165607.126 TS_ENDT {{CONDUIT,  "prod/gfs.*pgrb2"}} primary
23677 6 feeder unidata.at.fcen.uba.ar 20160110165556.097 TS_ENDT {{IDS|DDPLUS,  ".*"}} primary
23772 6 feeder unidata.at.fcen.uba.ar 20160110165640.071 TS_ENDT {{CONDUIT,  "prod/gfs.*pgrb[^2]"}} primary
1979 6 feeder sun1.envsci.rutgers.edu 20160110203932.912 TS_ENDT {{NEXRAD3|DIFAX|FSL2|UNIDATA,  ".*"}} primary
23172 6 feeder measwx.meas.ncsu.edu 20160111035957.709 TS_ENDT {{CONDUIT,  "(.status|MT.(nam|eta).*(#212|#104|#218)|MT.mrf|MT.avn|MT.ensg|MT.gefs|MT.ruc|prod/ruc|prod/gefs|prod/nam).*[16]$"}} primary
6316 6 feeder sleet.plymouth.edu 20160111172053.468 TS_ENDT {{NEXRAD2,  ".*"}} primary
6317 6 feeder sleet.plymouth.edu 20160111172053.469 TS_ENDT {{NIMAGE,  ".*"}} primary
6319 6 feeder sleet.plymouth.edu 20160111172053.486 TS_ENDT {{NGRID,  ".*"}} primary
3627 6 feeder 192-5-158-42.rn.psu.edu 20160111182430.406 TS_ENDT {{DIFAX,  ".*"}} primary
3630 6 feeder 192-5-158-42.rn.psu.edu 20160111182430.407 TS_ENDT {{CONDUIT,  "/[^g]"}} primary
3629 6 feeder 192-5-158-42.rn.psu.edu 20160111182430.407 TS_ENDT {{CONDUIT,  "/gfs.*[012]p[^2]"}} primary
3639 6 feeder 192-5-158-42.rn.psu.edu 20160111182437.071 TS_ENDT {{CONDUIT,  "/gefs"}} primary
1927 6 feeder squall.ias.sdsmt.edu 20160111215308.588 TS_ENDT {{IDS|DDPLUS,  ".*"}} alternate
18117 6 feeder geogprdedexap.cc.ku.edu 20160112155339.013 TS_ENDT {{NGRID,  ".*"}} primary
19699 6 feeder weather.rsmas.miami.edu 20160112155742.214 TS_ENDT {{NEXRAD3,  ".*"}} primary
29983 6 feeder monin.rnet.missouri.edu 20160112193618.181 TS_ENDT {{FNEXRAD,  ".*"}} primary
20500 6 feeder squall03.unl.edu 20160112221914.042 TS_ENDT {{CONDUIT,  "([18]$)"}} primary
20504 6 feeder squall03.unl.edu 20160112221914.014 TS_ENDT {{CONDUIT,  "([36]$)"}} primary
20505 6 feeder squall03.unl.edu 20160112221914.042 TS_ENDT {{CONDUIT,  "([27]$)"}} primary
20503 6 feeder squall03.unl.edu 20160112221914.006 TS_ENDT {{NEXRAD2,  "(.*)"}} primary
20506 6 feeder squall03.unl.edu 20160112221914.042 TS_ENDT {{CONDUIT,  "([45]$)"}} primary
20501 6 feeder squall03.unl.edu 20160112221914.007 TS_ENDT {{NEXRAD3,  "(.*)"}} primary
20502 6 feeder squall03.unl.edu 20160112221914.006 TS_ENDT {{EXP|NXRDSRC|NPORT|NIMAGE|GEM|FNMOC|GPS|FAA604|DIFAX|FNEXRAD|GPSSRC|FSL5|FSL4|FSL3|FSL2|UNIDATA|SPARE|0x80000000,  "(.*)"}} primary
20507 6 feeder squall03.unl.edu 20160112221914.140 TS_ENDT {{CONDUIT,  "([09]$)"}} primary
5208 6 feeder sleet.plymouth.edu 20160113004429.431 TS_ENDT {{CONDUIT,  ".*"}} primary
5485 6 feeder 192-5-158-42.rn.psu.edu 20160113015405.434 TS_ENDT {{IDS|DDPLUS,  ".*"}} alternate
7219 6 feeder 192-5-158-42.rn.psu.edu 20160113015955.182 TS_ENDT {{NEXRAD3,  ".*"}} alternate
3690 6 feeder ldmhost.dri.edu 20160113083112.495 TS_ENDT {{CONDUIT,  "(gfs.*pgrb2\.2p50.*)"}} primary
1282 6 feeder fdt-uva.dynes.Virginia.EDU 20160113161939.682 TS_ENDT {{NGRID,  ".*"}} primary
4431 6 feeder awips.cira.colostate.edu 20160113193555.097 TS_ENDT {{GPS|FSL2,  ".*"}} primary
4432 6 feeder awips1.cira.colostate.edu 20160113192956.451 TS_ENDT {{GPS|FSL2,  ".*"}} primary
4535 6 feeder swamp.cira.colostate.edu 20160113193607.289 TS_ENDT {{CONDUIT,  "gfs.t[0-2][0-9]z.pgrb2.(0p25|0p50|1p00).f(0[0-9][0-9]|1[0-7][0-9]|180)"}} primary
10100 6 feeder 192-5-158-42.rn.psu.edu 20160113210149.169 TS_ENDT {{NEXRAD2,  ".*"}} primary
11987 6 feeder ldm-relay1.tamu.edu 20160113230813.634 TS_ENDT {{WMO,  ".*"}} primary
20530 6 feeder uni-awips.cloudapp.net.unidata.ucar.edu 20160113233316.848 TS_ENDT {{NEXRAD3,  ".*"}} primary
20531 6 feeder uni-awips.cloudapp.net.unidata.ucar.edu 20160113233316.850 TS_ENDT {{CONDUIT,  ".(awip3d|0p50).[3]$"}} primary
20532 6 feeder uni-awips.cloudapp.net.unidata.ucar.edu 20160113233316.850 TS_ENDT {{NOTHER|NIMAGE|HDS,  ".*"}} primary
20533 6 feeder uni-awips.cloudapp.net.unidata.ucar.edu 20160113233316.848 TS_ENDT {{FNEXRAD|UNIWISC|IDS|DDPLUS,  ".*"}} primary
20534 6 feeder uni-awips.cloudapp.net.unidata.ucar.edu 20160113233316.849 TS_ENDT {{NGRID,  ".*"}} primary
20535 6 feeder uni-awips.cloudapp.net.unidata.ucar.edu 20160113233316.850 TS_ENDT {{CONDUIT,  ".(awip3d|0p50).[4]$"}} primary
20536 6 feeder uni-awips.cloudapp.net.unidata.ucar.edu 20160113233316.850 TS_ENDT {{CONDUIT,  ".(awip3d|0p50).[0]$"}} primary
20537 6 feeder uni-awips.cloudapp.net.unidata.ucar.edu 20160113233316.853 TS_ENDT {{CONDUIT,  ".(awip3d|0p50).[6]$"}} primary
20538 6 feeder uni-awips.cloudapp.net.unidata.ucar.edu 20160113233316.853 TS_ENDT {{CONDUIT,  ".(awip3d|0p50).[8]$"}} primary
20539 6 feeder uni-awips.cloudapp.net.unidata.ucar.edu 20160113233316.854 TS_ENDT {{CONDUIT,  ".(awip3d|0p50).[5]$"}} primary
20540 6 feeder uni-awips.cloudapp.net.unidata.ucar.edu 20160113233316.854 TS_ENDT {{CONDUIT,  ".(awip3d|0p50).[2]$"}} primary
20541 6 feeder uni-awips.cloudapp.net.unidata.ucar.edu 20160113233316.855 TS_ENDT {{CONDUIT,  ".(awip3d|0p50).[9]$"}} primary
20543 6 feeder uni-awips.cloudapp.net.unidata.ucar.edu 20160113233316.855 TS_ENDT {{CONDUIT,  ".(awip3d|0p50).[7]$"}} primary
20542 6 feeder uni-awips.cloudapp.net.unidata.ucar.edu 20160113233316.855 TS_ENDT {{CONDUIT,  ".(awip3d|0p50).[1]$"}} primary
29141 6 feeder blizzard.rcac.purdue.edu 20160113235957.594 TS_ENDT {{FNEXRAD|WMO,  ".*"}} alternate
13638 6 feeder smla.eas.gatech.edu 20160114004733.979 TS_ENDT {{FSL2|UNIDATA,  ".*"}} primary
15461 6 feeder sun1.envsci.rutgers.edu 20160114005318.569 TS_ENDT {{NGRID,  "^[LM].[BEMR]... KWB[CDELR]"}} primary
24090 6 feeder playa.dri.edu 20160114011915.122 TS_ENDT {{CONDUIT,  "(nam.*awip12*)"}} alternate
30883 6 feeder playa.dri.edu 20160114013913.604 TS_ENDT {{CONDUIT,  "(nam.*awip3d*)"}} alternate
16994 6 feeder ingest0.irads.ou.edu 20160114023151.824 TS_ENDT {{CONDUIT,  "([18]$)"}} alternate
17790 6 feeder playa.dri.edu 20160114023544.641 TS_ENDT {{CONDUIT,  "(gfs.*pgrb2\.1p00.*)"}} primary
18938 6 feeder squall.ias.sdsmt.edu 20160114023802.813 TS_ENDT {{CONDUIT,  "data/nccf/com/gfs/prod/gfs.(....)(..)(..)(..)/gfs.t(..)z.pgrb2.0p50.f0(..)"}} alternate
20562 6 feeder blizzard.rcac.purdue.edu 20160114024251.706 TS_ENDT {{NEXRAD3|NIMAGE,  ".*"}} alternate
20563 6 feeder ingest0.irads.ou.edu 20160114024256.507 TS_ENDT {{CONDUIT,  "([36]$)"}} alternate
22585 6 feeder 192-5-158-42.rn.psu.edu 20160114005013.310 TS_ENDT {{UNIWISC,  ".*"}} primary
25483 6 feeder sun1.envsci.rutgers.edu 20160114025611.525 TS_ENDT {{NEXRAD2,  "KD(I|O)X"}} primary
25901 6 feeder coriolis.met.tamu.edu 20160114025953.602 TS_ENDT {{DIFAX|FNEXRAD|FSL2|UNIDATA,  ".*"}} primary
29298 6 feeder unidata.at.fcen.uba.ar 20160114030910.668 TS_ENDT {{UNIWISC,  "U[1DEIVWXY]"}} primary
3661 6 feeder weather.southalabama.edu 20160114032843.736 TS_ENDT {{IDS|DDPLUS,  ".*"}} primary
6983 6 feeder squall.ias.sdsmt.edu 20160114033714.949 TS_ENDT {{HDS,  "^Y.[AQ]... KWBC.*/m(AVN|SSI_AVN|GFS|SSI_GFS)"}} alternate
10557 6 feeder squall.ias.sdsmt.edu 20160114034832.449 TS_ENDT {{CONDUIT,  "data/nccf/com/rap/prod/rap.(....)(..)(..)/rap.t(..)z.awp252bgrbf"}} primary
14245 6 feeder sleet.plymouth.edu 20160114040015.323 TS_ENDT {{FNEXRAD,  ".*"}} primary
15298 6 feeder 192-5-158-42.rn.psu.edu 20160114020058.640 TS_ENDT {{FNMOC,  ".*"}} primary
15513 6 feeder sun1.envsci.rutgers.edu 20160114040138.110 TS_ENDT {{CONDUIT,  "(ncep/[^G]|gfs.*[012]p[^2]|gefs)"}} primary
17216 6 feeder cola.gmu.edu 20160114040540.457 TS_ENDT {{FNEXRAD,  "^radar_mosaic"}} primary
17326 6 feeder 192-5-158-42.rn.psu.edu 20160114020729.261 TS_ENDT {{FNEXRAD,  ".*"}} primary
18943 6 feeder colaweb.gmu.edu 20160114041127.040 TS_ENDT {{FNEXRAD,  "^radar_mosaic"}} primary
19157 6 feeder playa.dri.edu 20160114041344.239 TS_ENDT {{CONDUIT,  "(gfs.*pgrb2\.0p50.*)"}} primary
20654 6 feeder ingest0.irads.ou.edu 20160114041641.999 TS_ENDT {{CONDUIT,  "([45]$)"}} alternate
26206 6 feeder blizzard.rcac.purdue.edu 20160114043532.169 TS_ENDT {{CONDUIT,  "[27]$"}} primary
27562 6 feeder coriolis.met.tamu.edu 20160114043759.546 TS_ENDT {{NIMAGE,  "VIS.*CONUS"}} primary
29576 6 feeder sleet.plymouth.edu 20160114044509.675 TS_ENDT {{WMO,  ".*"}} alternate
31042 6 feeder coriolis.met.tamu.edu 20160114044826.820 TS_ENDT {{NEXRAD3,  ".*"}} alternate
948 6 feeder cola.gmu.edu 20160114045501.788 TS_ENDT {{NIMAGE,  " TIG[NE]"}} primary
1893 6 feeder blizzard.rcac.purdue.edu 20160114045706.617 TS_ENDT {{CONDUIT,  "[09]$"}} primary
6780 6 feeder 192-5-158-42.rn.psu.edu 20160114031052.717 TS_ENDT {{NGRID,  ".*"}} primary
9059 6 feeder blizzard.rcac.purdue.edu 20160114051903.745 TS_ENDT {{FSL2|UNIWISC,  ".*"}} primary
10649 6 feeder colaweb.gmu.edu 20160114052341.899 TS_ENDT {{NIMAGE,  " TIG[NE]"}} primary
10869 6 feeder 192-5-158-42.rn.psu.edu 20160114032511.403 TS_ENDT {{NIMAGE,  ".*"}} primary
11922 6 feeder ingest0.irads.ou.edu 20160114052554.313 TS_ENDT {{CONDUIT,  "([27]$)"}} alternate
12130 6 feeder unidata.at.fcen.uba.ar 20160114052658.567 TS_ENDT {{HDS,  "^[IJH]"}} primary
15752 6 feeder coriolis.met.tamu.edu 20160114053835.994 TS_ENDT {{NGRID|GEM|FNMOC|CONDUIT,  ".*"}} primary
18819 6 feeder ingest0.irads.ou.edu 20160114054608.945 TS_ENDT {{CONDUIT,  "([09]$)"}} alternate
18829 6 feeder squall.ias.sdsmt.edu 20160114054614.890 TS_ENDT {{CONDUIT,  "data/nccf/com/rap/prod/rap.(....)(..)(..)/rap.t(..)z.awp252pgrbf"}} primary
20771 6 feeder blizzard.rcac.purdue.edu 20160114055244.379 TS_ENDT {{CONDUIT,  "[36]$"}} primary
21439 6 feeder blizzard.rcac.purdue.edu 20160114055543.271 TS_ENDT {{CONDUIT,  "[18]$"}} primary
22486 6 feeder blizzard.rcac.purdue.edu 20160114055756.064 TS_ENDT {{CONDUIT,  "[45]$"}} primary
22694 6 feeder sun1.envsci.rutgers.edu 20160114055916.546 TS_ENDT {{NIMAGE|UNIWISC,  "(^satz/ch|^pnga2area)"}} primary
22695 6 feeder 192-5-158-42.rn.psu.edu 20160114035929.436 TS_ENDT {{HDS,  ".*"}} primary
